# JRE version: Java(TM) SE Runtime Environment (24.0.2+12) (build 24.0.2+12-54)
# Java VM: Java HotSpot(TM) 64-Bit Server VM (24.0.2+12-54, mixed mode, sharing, tiered, compressed oops, compressed class ptrs, g1 gc, windows-amd64)
GC Precious Log:
 CardTable entry size: 512
 Card Set container configuration: InlinePtr #cards 5 size 8 Array Of Cards #cards 10 size 36 Howl #buckets 4 coarsen threshold 1843 Howl Bitmap #cards 512 size 80 coarsen threshold 460 Card regions per heap region 1 cards per card region 2048
 CPUs: 24 total, 24 available
 Memory: 14039M
 Large Page Support: Disabled
 NUMA Support: Disabled
 Compressed Oops: Enabled (32-bit)
 Heap Region Size: 1M
 Heap Min Capacity: 8M
 Heap Initial Capacity: 220M
 Heap Max Capacity: 2G
 Pre-touch: Disabled
 Parallel Workers: 18
 Concurrent Workers: 5
 Concurrent Refinement Workers: 18
 Periodic GC: Disabled
Heap:
 garbage-first heap   total reserved 2097152K, committed 271360K, used 165864K [0x0000000080000000, 0x0000000100000000)
  region size 1024K, 26 young (26624K), 13 survivors (13312K)
 Metaspace       used 139387K, committed 141696K, reserved 1179648K
  class space    used 15094K, committed 16128K, reserved 1048576K
GC Heap History (20 events):
Event: 7.048 GC heap before
{Heap before GC invocations=27 (full 0):
 garbage-first heap   total reserved 2097152K, committed 251904K, used 188155K [0x0000000080000000, 0x0000000100000000)
  region size 1024K, 88 young (90112K), 2 survivors (2048K)
 Metaspace       used 91015K, committed 93056K, reserved 1179648K
  class space    used 10391K, committed 11328K, reserved 1048576K
}
Event: 7.053 GC heap after
{Heap after GC invocations=28 (full 0):
 garbage-first heap   total reserved 2097152K, committed 251904K, used 107037K [0x0000000080000000, 0x0000000100000000)
  region size 1024K, 8 young (8192K), 8 survivors (8192K)
 Metaspace       used 91015K, committed 93056K, reserved 1179648K
  class space    used 10391K, committed 11328K, reserved 1048576K
}
Event: 7.540 GC heap before
{Heap before GC invocations=28 (full 0):
 garbage-first heap   total reserved 2097152K, committed 251904K, used 196125K [0x0000000080000000, 0x0000000100000000)
  region size 1024K, 96 young (98304K), 8 survivors (8192K)
 Metaspace       used 101398K, committed 103424K, reserved 1179648K
  class space    used 11356K, committed 12288K, reserved 1048576K
}
Event: 7.546 GC heap after
{Heap after GC invocations=29 (full 0):
 garbage-first heap   total reserved 2097152K, committed 251904K, used 111764K [0x0000000080000000, 0x0000000100000000)
  region size 1024K, 12 young (12288K), 12 survivors (12288K)
 Metaspace       used 101398K, committed 103424K, reserved 1179648K
  class space    used 11356K, committed 12288K, reserved 1048576K
}
Event: 8.153 GC heap before
{Heap before GC invocations=29 (full 0):
 garbage-first heap   total reserved 2097152K, committed 251904K, used 202900K [0x0000000080000000, 0x0000000100000000)
  region size 1024K, 102 young (104448K), 12 survivors (12288K)
 Metaspace       used 112674K, committed 114752K, reserved 1179648K
  class space    used 12350K, committed 13312K, reserved 1048576K
}
Event: 8.159 GC heap after
{Heap after GC invocations=30 (full 0):
 garbage-first heap   total reserved 2097152K, committed 251904K, used 118873K [0x0000000080000000, 0x0000000100000000)
  region size 1024K, 13 young (13312K), 13 survivors (13312K)
 Metaspace       used 112674K, committed 114752K, reserved 1179648K
  class space    used 12350K, committed 13312K, reserved 1048576K
}
Event: 8.174 GC heap before
{Heap before GC invocations=30 (full 0):
 garbage-first heap   total reserved 2097152K, committed 251904K, used 121945K [0x0000000080000000, 0x0000000100000000)
  region size 1024K, 17 young (17408K), 13 survivors (13312K)
 Metaspace       used 113117K, committed 115200K, reserved 1179648K
  class space    used 12375K, committed 13312K, reserved 1048576K
}
Event: 8.178 GC heap after
{Heap after GC invocations=31 (full 0):
 garbage-first heap   total reserved 2097152K, committed 251904K, used 120063K [0x0000000080000000, 0x0000000100000000)
  region size 1024K, 8 young (8192K), 8 survivors (8192K)
 Metaspace       used 113117K, committed 115200K, reserved 1179648K
  class space    used 12375K, committed 13312K, reserved 1048576K
}
Event: 8.804 GC heap before
{Heap before GC invocations=32 (full 0):
 garbage-first heap   total reserved 2097152K, committed 251904K, used 223487K [0x0000000080000000, 0x0000000100000000)
  region size 1024K, 102 young (104448K), 8 survivors (8192K)
 Metaspace       used 120977K, committed 123072K, reserved 1179648K
  class space    used 13314K, committed 14272K, reserved 1048576K
}
Event: 8.810 GC heap after
{Heap after GC invocations=33 (full 0):
 garbage-first heap   total reserved 2097152K, committed 251904K, used 143687K [0x0000000080000000, 0x0000000100000000)
  region size 1024K, 13 young (13312K), 13 survivors (13312K)
 Metaspace       used 120977K, committed 123072K, reserved 1179648K
  class space    used 13314K, committed 14272K, reserved 1048576K
}
Event: 9.415 GC heap before
{Heap before GC invocations=33 (full 0):
 garbage-first heap   total reserved 2097152K, committed 251904K, used 222535K [0x0000000080000000, 0x0000000100000000)
  region size 1024K, 89 young (91136K), 13 survivors (13312K)
 Metaspace       used 128000K, committed 130240K, reserved 1179648K
  class space    used 13968K, committed 14976K, reserved 1048576K
}
Event: 9.420 GC heap after
{Heap after GC invocations=34 (full 0):
 garbage-first heap   total reserved 2097152K, committed 251904K, used 150700K [0x0000000080000000, 0x0000000100000000)
  region size 1024K, 5 young (5120K), 5 survivors (5120K)
 Metaspace       used 128000K, committed 130240K, reserved 1179648K
  class space    used 13968K, committed 14976K, reserved 1048576K
}
Event: 9.424 GC heap before
{Heap before GC invocations=34 (full 0):
 garbage-first heap   total reserved 2097152K, committed 251904K, used 150700K [0x0000000080000000, 0x0000000100000000)
  region size 1024K, 6 young (6144K), 5 survivors (5120K)
 Metaspace       used 128020K, committed 130240K, reserved 1179648K
  class space    used 13971K, committed 14976K, reserved 1048576K
}
Event: 9.427 GC heap after
{Heap after GC invocations=35 (full 0):
 garbage-first heap   total reserved 2097152K, committed 251904K, used 149651K [0x0000000080000000, 0x0000000100000000)
  region size 1024K, 4 young (4096K), 4 survivors (4096K)
 Metaspace       used 128020K, committed 130240K, reserved 1179648K
  class space    used 13971K, committed 14976K, reserved 1048576K
}
Event: 10.148 GC heap before
{Heap before GC invocations=36 (full 0):
 garbage-first heap   total reserved 2097152K, committed 251904K, used 216211K [0x0000000080000000, 0x0000000100000000)
  region size 1024K, 82 young (83968K), 4 survivors (4096K)
 Metaspace       used 134463K, committed 136640K, reserved 1179648K
  class space    used 14626K, committed 15616K, reserved 1048576K
}
Event: 10.159 GC heap after
{Heap after GC invocations=37 (full 0):
 garbage-first heap   total reserved 2097152K, committed 251904K, used 139032K [0x0000000080000000, 0x0000000100000000)
  region size 1024K, 11 young (11264K), 11 survivors (11264K)
 Metaspace       used 134463K, committed 136640K, reserved 1179648K
  class space    used 14626K, committed 15616K, reserved 1048576K
}
Event: 10.842 GC heap before
{Heap before GC invocations=37 (full 0):
 garbage-first heap   total reserved 2097152K, committed 251904K, used 224024K [0x0000000080000000, 0x0000000100000000)
  region size 1024K, 95 young (97280K), 11 survivors (11264K)
 Metaspace       used 139026K, committed 141312K, reserved 1179648K
  class space    used 15078K, committed 16128K, reserved 1048576K
}
Event: 10.849 GC heap after
{Heap after GC invocations=38 (full 0):
 garbage-first heap   total reserved 2097152K, committed 251904K, used 122978K [0x0000000080000000, 0x0000000100000000)
  region size 1024K, 8 young (8192K), 8 survivors (8192K)
 Metaspace       used 139026K, committed 141312K, reserved 1179648K
  class space    used 15078K, committed 16128K, reserved 1048576K
}
Event: 11.022 GC heap before
{Heap before GC invocations=38 (full 0):
 garbage-first heap   total reserved 2097152K, committed 251904K, used 220258K [0x0000000080000000, 0x0000000100000000)
  region size 1024K, 102 young (104448K), 8 survivors (8192K)
 Metaspace       used 139315K, committed 141632K, reserved 1179648K
  class space    used 15094K, committed 16128K, reserved 1048576K
}
Event: 11.032 GC heap after
{Heap after GC invocations=39 (full 0):
 garbage-first heap   total reserved 2097152K, committed 271360K, used 153576K [0x0000000080000000, 0x0000000100000000)
  region size 1024K, 13 young (13312K), 13 survivors (13312K)
 Metaspace       used 139315K, committed 141632K, reserved 1179648K
  class space    used 15094K, committed 16128K, reserved 1048576K
}

