# JRE version: Java(TM) SE Runtime Environment (24.0.2+12) (build 24.0.2+12-54)
# Java VM: Java HotSpot(TM) 64-Bit Server VM (24.0.2+12-54, mixed mode, sharing, tiered, compressed oops, compressed class ptrs, g1 gc, windows-amd64)
GC Precious Log:
 CardTable entry size: 512
 Card Set container configuration: InlinePtr #cards 5 size 8 Array Of Cards #cards 10 size 36 Howl #buckets 4 coarsen threshold 1843 Howl Bitmap #cards 512 size 80 coarsen threshold 460 Card regions per heap region 1 cards per card region 2048
 CPUs: 24 total, 24 available
 Memory: 14039M
 Large Page Support: Disabled
 NUMA Support: Disabled
 Compressed Oops: Enabled (32-bit)
 Heap Region Size: 1M
 Heap Min Capacity: 8M
 Heap Initial Capacity: 220M
 Heap Max Capacity: 2G
 Pre-touch: Disabled
 Parallel Workers: 18
 Concurrent Workers: 5
 Concurrent Refinement Workers: 18
 Periodic GC: Disabled
Heap:
 garbage-first heap   total reserved 2097152K, committed 278528K, used 183764K [0x0000000080000000, 0x0000000100000000)
  region size 1024K, 24 young (24576K), 10 survivors (10240K)
 Metaspace       used 127848K, committed 130048K, reserved 1179648K
  class space    used 13717K, committed 14656K, reserved 1048576K
GC Heap History (20 events):
Event: 9.119 GC heap after
{Heap after GC invocations=29 (full 0):
 garbage-first heap   total reserved 2097152K, committed 196608K, used 120588K [0x0000000080000000, 0x0000000100000000)
  region size 1024K, 5 young (5120K), 5 survivors (5120K)
 Metaspace       used 114713K, committed 116608K, reserved 1179648K
  class space    used 12276K, committed 13120K, reserved 1048576K
}
Event: 9.459 GC heap before
{Heap before GC invocations=29 (full 0):
 garbage-first heap   total reserved 2097152K, committed 196608K, used 178956K [0x0000000080000000, 0x0000000100000000)
  region size 1024K, 62 young (63488K), 5 survivors (5120K)
 Metaspace       used 119133K, committed 121152K, reserved 1179648K
  class space    used 12837K, committed 13760K, reserved 1048576K
}
Event: 9.462 GC heap after
{Heap after GC invocations=30 (full 0):
 garbage-first heap   total reserved 2097152K, committed 196608K, used 131318K [0x0000000080000000, 0x0000000100000000)
  region size 1024K, 8 young (8192K), 8 survivors (8192K)
 Metaspace       used 119133K, committed 121152K, reserved 1179648K
  class space    used 12837K, committed 13760K, reserved 1048576K
}
Event: 9.547 GC heap before
{Heap before GC invocations=31 (full 0):
 garbage-first heap   total reserved 2097152K, committed 220160K, used 175350K [0x0000000080000000, 0x0000000100000000)
  region size 1024K, 51 young (52224K), 8 survivors (8192K)
 Metaspace       used 119289K, committed 121280K, reserved 1179648K
  class space    used 12844K, committed 13760K, reserved 1048576K
}
Event: 9.553 GC heap after
{Heap after GC invocations=32 (full 0):
 garbage-first heap   total reserved 2097152K, committed 220160K, used 145322K [0x0000000080000000, 0x0000000100000000)
  region size 1024K, 7 young (7168K), 7 survivors (7168K)
 Metaspace       used 119289K, committed 121280K, reserved 1179648K
  class space    used 12844K, committed 13760K, reserved 1048576K
}
Event: 9.716 GC heap before
{Heap before GC invocations=32 (full 0):
 garbage-first heap   total reserved 2097152K, committed 220160K, used 193450K [0x0000000080000000, 0x0000000100000000)
  region size 1024K, 53 young (54272K), 7 survivors (7168K)
 Metaspace       used 120051K, committed 122048K, reserved 1179648K
  class space    used 12893K, committed 13760K, reserved 1048576K
}
Event: 9.725 GC heap after
{Heap after GC invocations=33 (full 0):
 garbage-first heap   total reserved 2097152K, committed 220160K, used 160898K [0x0000000080000000, 0x0000000100000000)
  region size 1024K, 7 young (7168K), 7 survivors (7168K)
 Metaspace       used 120051K, committed 122048K, reserved 1179648K
  class space    used 12893K, committed 13760K, reserved 1048576K
}
Event: 10.047 GC heap before
{Heap before GC invocations=33 (full 0):
 garbage-first heap   total reserved 2097152K, committed 220160K, used 194690K [0x0000000080000000, 0x0000000100000000)
  region size 1024K, 40 young (40960K), 7 survivors (7168K)
 Metaspace       used 122656K, committed 124672K, reserved 1179648K
  class space    used 13189K, committed 14080K, reserved 1048576K
}
Event: 10.051 GC heap after
{Heap after GC invocations=34 (full 0):
 garbage-first heap   total reserved 2097152K, committed 264192K, used 167426K [0x0000000080000000, 0x0000000100000000)
  region size 1024K, 5 young (5120K), 5 survivors (5120K)
 Metaspace       used 122656K, committed 124672K, reserved 1179648K
  class space    used 13189K, committed 14080K, reserved 1048576K
}
Event: 10.435 GC heap before
{Heap before GC invocations=35 (full 0):
 garbage-first heap   total reserved 2097152K, committed 264192K, used 217602K [0x0000000080000000, 0x0000000100000000)
  region size 1024K, 65 young (66560K), 5 survivors (5120K)
 Metaspace       used 125733K, committed 127872K, reserved 1179648K
  class space    used 13585K, committed 14528K, reserved 1048576K
}
Event: 10.439 GC heap after
{Heap after GC invocations=36 (full 0):
 garbage-first heap   total reserved 2097152K, committed 264192K, used 169984K [0x0000000080000000, 0x0000000100000000)
  region size 1024K, 9 young (9216K), 9 survivors (9216K)
 Metaspace       used 125733K, committed 127872K, reserved 1179648K
  class space    used 13585K, committed 14528K, reserved 1048576K
}
Event: 10.523 GC heap before
{Heap before GC invocations=36 (full 0):
 garbage-first heap   total reserved 2097152K, committed 264192K, used 229376K [0x0000000080000000, 0x0000000100000000)
  region size 1024K, 66 young (67584K), 9 survivors (9216K)
 Metaspace       used 125883K, committed 128064K, reserved 1179648K
  class space    used 13587K, committed 14528K, reserved 1048576K
}
Event: 10.530 GC heap after
{Heap after GC invocations=37 (full 0):
 garbage-first heap   total reserved 2097152K, committed 264192K, used 166781K [0x0000000080000000, 0x0000000100000000)
  region size 1024K, 9 young (9216K), 9 survivors (9216K)
 Metaspace       used 125883K, committed 128064K, reserved 1179648K
  class space    used 13587K, committed 14528K, reserved 1048576K
}
Event: 10.885 GC heap before
{Heap before GC invocations=37 (full 0):
 garbage-first heap   total reserved 2097152K, committed 264192K, used 224125K [0x0000000080000000, 0x0000000100000000)
  region size 1024K, 65 young (66560K), 9 survivors (9216K)
 Metaspace       used 126995K, committed 129152K, reserved 1179648K
  class space    used 13677K, committed 14656K, reserved 1048576K
}
Event: 10.892 GC heap after
{Heap after GC invocations=38 (full 0):
 garbage-first heap   total reserved 2097152K, committed 264192K, used 180104K [0x0000000080000000, 0x0000000100000000)
  region size 1024K, 9 young (9216K), 9 survivors (9216K)
 Metaspace       used 126995K, committed 129152K, reserved 1179648K
  class space    used 13677K, committed 14656K, reserved 1048576K
}
Event: 11.037 GC heap before
{Heap before GC invocations=38 (full 0):
 garbage-first heap   total reserved 2097152K, committed 264192K, used 228232K [0x0000000080000000, 0x0000000100000000)
  region size 1024K, 57 young (58368K), 9 survivors (9216K)
 Metaspace       used 127405K, committed 129600K, reserved 1179648K
  class space    used 13681K, committed 14656K, reserved 1048576K
}
Event: 11.042 GC heap after
{Heap after GC invocations=39 (full 0):
 garbage-first heap   total reserved 2097152K, committed 264192K, used 184685K [0x0000000080000000, 0x0000000100000000)
  region size 1024K, 4 young (4096K), 4 survivors (4096K)
 Metaspace       used 127405K, committed 129600K, reserved 1179648K
  class space    used 13681K, committed 14656K, reserved 1048576K
}
Event: 11.201 GC heap before
{Heap before GC invocations=40 (full 0):
 garbage-first heap   total reserved 2097152K, committed 270336K, used 208237K [0x0000000080000000, 0x0000000100000000)
  region size 1024K, 52 young (53248K), 4 survivors (4096K)
 Metaspace       used 127803K, committed 129920K, reserved 1179648K
  class space    used 13715K, committed 14656K, reserved 1048576K
}
Event: 11.204 GC heap after
{Heap after GC invocations=41 (full 0):
 garbage-first heap   total reserved 2097152K, committed 270336K, used 160975K [0x0000000080000000, 0x0000000100000000)
  region size 1024K, 5 young (5120K), 5 survivors (5120K)
 Metaspace       used 127803K, committed 129920K, reserved 1179648K
  class space    used 13715K, committed 14656K, reserved 1048576K
}
Event: 11.313 GC heap before
{Heap before GC invocations=41 (full 0):
 garbage-first heap   total reserved 2097152K, committed 270336K, used 235727K [0x0000000080000000, 0x0000000100000000)
  region size 1024K, 79 young (80896K), 5 survivors (5120K)
 Metaspace       used 127847K, committed 130048K, reserved 1179648K
  class space    used 13717K, committed 14656K, reserved 1048576K
}

